<?xml version="1.0" encoding="UTF-8"?>
<!-- Generated by org.testng.reporters.JUnitReportReporter -->
<testsuite hostname="antonk" name="com.example.tests.NonEptyGroupCreationTest" tests="1" failures="0" timestamp="19 Jun 2015 15:33:01 GMT" time="2.330" errors="0">
  <testcase name="testNonEmptyGroupCreation" time="2.330" classname="com.example.tests.NonEptyGroupCreationTest"/>
</testsuite> <!-- com.example.tests.NonEptyGroupCreationTest -->
