<?xml version="1.0" encoding="UTF-8"?>
<!-- Generated by org.testng.reporters.JUnitReportReporter -->
<testsuite hostname="antonk" name="com.example.tests.NonEmptyContactAdd" tests="1" failures="0" timestamp="19 Jun 2015 15:33:01 GMT" time="4.170" errors="0">
  <testcase name="nonEmptyContactAdd" time="4.170" classname="com.example.tests.NonEmptyContactAdd"/>
</testsuite> <!-- com.example.tests.NonEmptyContactAdd -->
