<?xml version="1.0" encoding="UTF-8"?>
<!-- Generated by org.testng.reporters.JUnitReportReporter -->
<testsuite hostname="antonk" name="com.example.tests.EmtyGroupCreationTest" tests="1" failures="0" timestamp="19 Jun 2015 15:33:01 GMT" time="1.681" errors="0">
  <testcase name="testEmptyGroupCreation" time="1.681" classname="com.example.tests.EmtyGroupCreationTest"/>
</testsuite> <!-- com.example.tests.EmtyGroupCreationTest -->
