<?xml version="1.0" encoding="UTF-8"?>
<!-- Generated by org.testng.reporters.JUnitReportReporter -->
<testsuite hostname="antonk" name="com.example.tests.AlsoOfGroopCreationTests" tests="2" failures="0" timestamp="19 Jun 2015 14:22:52 GMT" time="3.569" errors="0">
  <testcase name="testNonEmptyGroupCreation" time="1.812" classname="com.example.tests.AlsoOfGroopCreationTests"/>
  <testcase name="testEmptyGroupCreation" time="1.757" classname="com.example.tests.AlsoOfGroopCreationTests"/>
</testsuite> <!-- com.example.tests.AlsoOfGroopCreationTests -->
