<?xml version="1.0" encoding="UTF-8"?>
<!-- Generated by org.testng.reporters.JUnitReportReporter -->
<testsuite hostname="antonk" name="com.example.tests.EmptyContactAdd" tests="1" failures="0" timestamp="19 Jun 2015 15:33:01 GMT" time="4.211" errors="0">
  <testcase name="nonEmptyContactAdd" time="4.211" classname="com.example.tests.EmptyContactAdd"/>
</testsuite> <!-- com.example.tests.EmptyContactAdd -->
