<?xml version="1.0" encoding="UTF-8"?>
<!-- Generated by org.testng.reporters.JUnitReportReporter -->
<testsuite hostname="antonk" name="com.example.tests.GroopCreationTests" tests="2" failures="0" timestamp="19 Jun 2015 14:22:52 GMT" time="4.320" errors="0">
  <testcase name="testNonEmptyGroupCreation" time="2.460" classname="com.example.tests.GroopCreationTests"/>
  <testcase name="testEmptyGroupCreation" time="1.860" classname="com.example.tests.GroopCreationTests"/>
</testsuite> <!-- com.example.tests.GroopCreationTests -->
